[1.303s] Invoking command in '/home/kanja-koduki/zypher_ws/src/prius_sdc_pkg': PYTHONPATH=/home/kanja-koduki/zypher_ws/build/prius_sdc_pkg/prefix_override:/home/kanja-koduki/zypher_ws/install/prius_sdc_pkg/lib/python3.10/site-packages: /usr/bin/python3 setup.py egg_info --egg-base ../../build/prius_sdc_pkg build --build-base /home/kanja-koduki/zypher_ws/build/prius_sdc_pkg/build install --record /home/kanja-koduki/zypher_ws/build/prius_sdc_pkg/install.log --single-version-externally-managed
[1.671s] running egg_info
[1.671s] creating ../../build/prius_sdc_pkg/prius_sdc_pkg.egg-info
[1.693s] writing ../../build/prius_sdc_pkg/prius_sdc_pkg.egg-info/PKG-INFO
[1.693s] writing dependency_links to ../../build/prius_sdc_pkg/prius_sdc_pkg.egg-info/dependency_links.txt
[1.694s] writing requirements to ../../build/prius_sdc_pkg/prius_sdc_pkg.egg-info/requires.txt
[1.694s] writing top-level names to ../../build/prius_sdc_pkg/prius_sdc_pkg.egg-info/top_level.txt
[1.694s] writing manifest file '../../build/prius_sdc_pkg/prius_sdc_pkg.egg-info/SOURCES.txt'
[1.739s] reading manifest file '../../build/prius_sdc_pkg/prius_sdc_pkg.egg-info/SOURCES.txt'
[1.741s] writing manifest file '../../build/prius_sdc_pkg/prius_sdc_pkg.egg-info/SOURCES.txt'
[1.741s] running build
[1.741s] running build_py
[1.742s] creating /home/kanja-koduki/zypher_ws/build/prius_sdc_pkg/build
[1.742s] creating /home/kanja-koduki/zypher_ws/build/prius_sdc_pkg/build/lib
[1.742s] creating /home/kanja-koduki/zypher_ws/build/prius_sdc_pkg/build/lib/prius_sdc_pkg
[1.742s] copying prius_sdc_pkg/__init__.py -> /home/kanja-koduki/zypher_ws/build/prius_sdc_pkg/build/lib/prius_sdc_pkg
[1.742s] running install
[1.743s] /home/kanja-koduki/.local/lib/python3.10/site-packages/setuptools/_distutils/cmd.py:66: SetuptoolsDeprecationWarning: setup.py install is deprecated.
[1.743s] !!
[1.743s] 
[1.744s]         ********************************************************************************
[1.744s]         Please avoid running ``setup.py`` directly.
[1.744s]         Instead, use pypa/build, pypa/installer or other
[1.744s]         standards-based tools.
[1.744s] 
[1.744s]         See https://blog.ganssle.io/articles/2021/10/setup-py-deprecated.html for details.
[1.744s]         ********************************************************************************
[1.744s] 
[1.744s] !!
[1.744s]   self.initialize_options()
[1.756s] running install_lib
[1.777s] creating /home/kanja-koduki/zypher_ws/install/prius_sdc_pkg/lib/python3.10/site-packages/prius_sdc_pkg
[1.778s] copying /home/kanja-koduki/zypher_ws/build/prius_sdc_pkg/build/lib/prius_sdc_pkg/__init__.py -> /home/kanja-koduki/zypher_ws/install/prius_sdc_pkg/lib/python3.10/site-packages/prius_sdc_pkg
[1.778s] byte-compiling /home/kanja-koduki/zypher_ws/install/prius_sdc_pkg/lib/python3.10/site-packages/prius_sdc_pkg/__init__.py to __init__.cpython-310.pyc
[1.779s] running install_data
[1.800s] creating /home/kanja-koduki/zypher_ws/install/prius_sdc_pkg/share/ament_index
[1.800s] creating /home/kanja-koduki/zypher_ws/install/prius_sdc_pkg/share/ament_index/resource_index
[1.800s] creating /home/kanja-koduki/zypher_ws/install/prius_sdc_pkg/share/ament_index/resource_index/packages
[1.800s] copying resource/prius_sdc_pkg -> /home/kanja-koduki/zypher_ws/install/prius_sdc_pkg/share/ament_index/resource_index/packages
[1.801s] copying package.xml -> /home/kanja-koduki/zypher_ws/install/prius_sdc_pkg/share/prius_sdc_pkg
[1.801s] running install_egg_info
[1.823s] Copying ../../build/prius_sdc_pkg/prius_sdc_pkg.egg-info to /home/kanja-koduki/zypher_ws/install/prius_sdc_pkg/lib/python3.10/site-packages/prius_sdc_pkg-0.0.0-py3.10.egg-info
[1.824s] running install_scripts
[2.060s] writing list of installed files to '/home/kanja-koduki/zypher_ws/build/prius_sdc_pkg/install.log'
[2.109s] Invoked command in '/home/kanja-koduki/zypher_ws/src/prius_sdc_pkg' returned '0': PYTHONPATH=/home/kanja-koduki/zypher_ws/build/prius_sdc_pkg/prefix_override:/home/kanja-koduki/zypher_ws/install/prius_sdc_pkg/lib/python3.10/site-packages: /usr/bin/python3 setup.py egg_info --egg-base ../../build/prius_sdc_pkg build --build-base /home/kanja-koduki/zypher_ws/build/prius_sdc_pkg/build install --record /home/kanja-koduki/zypher_ws/build/prius_sdc_pkg/install.log --single-version-externally-managed
