[2.296s] Invoking command in '/home/kanja-koduki/zypher_ws/src/prius_sdc_pkg': PYTHONPATH=/home/kanja-koduki/zypher_ws/build/prius_sdc_pkg/prefix_override:/home/kanja-koduki/zypher_ws/install/prius_sdc_pkg/lib/python3.10/site-packages:${PYTHONPATH} /usr/bin/python3 setup.py egg_info --egg-base ../../build/prius_sdc_pkg build --build-base /home/kanja-koduki/zypher_ws/build/prius_sdc_pkg/build install --record /home/kanja-koduki/zypher_ws/build/prius_sdc_pkg/install.log --single-version-externally-managed
[2.776s] running egg_info
[2.809s] writing ../../build/prius_sdc_pkg/prius_sdc_pkg.egg-info/PKG-INFO
[2.809s] writing dependency_links to ../../build/prius_sdc_pkg/prius_sdc_pkg.egg-info/dependency_links.txt
[2.810s] writing entry points to ../../build/prius_sdc_pkg/prius_sdc_pkg.egg-info/entry_points.txt
[2.810s] writing requirements to ../../build/prius_sdc_pkg/prius_sdc_pkg.egg-info/requires.txt
[2.810s] writing top-level names to ../../build/prius_sdc_pkg/prius_sdc_pkg.egg-info/top_level.txt
[2.882s] reading manifest file '../../build/prius_sdc_pkg/prius_sdc_pkg.egg-info/SOURCES.txt'
[2.884s] writing manifest file '../../build/prius_sdc_pkg/prius_sdc_pkg.egg-info/SOURCES.txt'
[2.884s] running build
[2.884s] running build_py
[2.885s] running install
[2.885s] /home/kanja-koduki/.local/lib/python3.10/site-packages/setuptools/_distutils/cmd.py:66: SetuptoolsDeprecationWarning: setup.py install is deprecated.
[2.886s] !!
[2.886s] 
[2.886s]         ********************************************************************************
[2.886s]         Please avoid running ``setup.py`` directly.
[2.886s]         Instead, use pypa/build, pypa/installer or other
[2.886s]         standards-based tools.
[2.887s] 
[2.887s]         See https://blog.ganssle.io/articles/2021/10/setup-py-deprecated.html for details.
[2.887s]         ********************************************************************************
[2.887s] 
[2.887s] !!
[2.887s]   self.initialize_options()
[2.897s] running install_lib
[2.931s] running install_data
[2.966s] copying world/self_driving_car.world -> /home/kanja-koduki/zypher_ws/install/prius_sdc_pkg/share/prius_sdc_pkg/world
[2.968s] running install_egg_info
[3.005s] removing '/home/kanja-koduki/zypher_ws/install/prius_sdc_pkg/lib/python3.10/site-packages/prius_sdc_pkg-0.0.0-py3.10.egg-info' (and everything under it)
[3.006s] Copying ../../build/prius_sdc_pkg/prius_sdc_pkg.egg-info to /home/kanja-koduki/zypher_ws/install/prius_sdc_pkg/lib/python3.10/site-packages/prius_sdc_pkg-0.0.0-py3.10.egg-info
[3.007s] running install_scripts
[3.355s] Installing driver_node script to /home/kanja-koduki/zypher_ws/install/prius_sdc_pkg/lib/prius_sdc_pkg
[3.356s] Installing spawner_node script to /home/kanja-koduki/zypher_ws/install/prius_sdc_pkg/lib/prius_sdc_pkg
[3.356s] Installing video_recorder script to /home/kanja-koduki/zypher_ws/install/prius_sdc_pkg/lib/prius_sdc_pkg
[3.356s] writing list of installed files to '/home/kanja-koduki/zypher_ws/build/prius_sdc_pkg/install.log'
[3.406s] Invoked command in '/home/kanja-koduki/zypher_ws/src/prius_sdc_pkg' returned '0': PYTHONPATH=/home/kanja-koduki/zypher_ws/build/prius_sdc_pkg/prefix_override:/home/kanja-koduki/zypher_ws/install/prius_sdc_pkg/lib/python3.10/site-packages:${PYTHONPATH} /usr/bin/python3 setup.py egg_info --egg-base ../../build/prius_sdc_pkg build --build-base /home/kanja-koduki/zypher_ws/build/prius_sdc_pkg/build install --record /home/kanja-koduki/zypher_ws/build/prius_sdc_pkg/install.log --single-version-externally-managed
