[2.245s] Invoking command in '/home/kanja-koduki/zypher_ws/src/prius_sdc_pkg': PYTHONPATH=/home/kanja-koduki/zypher_ws/build/prius_sdc_pkg/prefix_override:/home/kanja-koduki/zypher_ws/install/prius_sdc_pkg/lib/python3.10/site-packages:${PYTHONPATH} /usr/bin/python3 setup.py egg_info --egg-base ../../build/prius_sdc_pkg build --build-base /home/kanja-koduki/zypher_ws/build/prius_sdc_pkg/build install --record /home/kanja-koduki/zypher_ws/build/prius_sdc_pkg/install.log --single-version-externally-managed
[2.718s] running egg_info
[2.754s] writing ../../build/prius_sdc_pkg/prius_sdc_pkg.egg-info/PKG-INFO
[2.755s] writing dependency_links to ../../build/prius_sdc_pkg/prius_sdc_pkg.egg-info/dependency_links.txt
[2.755s] writing entry points to ../../build/prius_sdc_pkg/prius_sdc_pkg.egg-info/entry_points.txt
[2.756s] writing requirements to ../../build/prius_sdc_pkg/prius_sdc_pkg.egg-info/requires.txt
[2.756s] writing top-level names to ../../build/prius_sdc_pkg/prius_sdc_pkg.egg-info/top_level.txt
[2.830s] reading manifest file '../../build/prius_sdc_pkg/prius_sdc_pkg.egg-info/SOURCES.txt'
[2.833s] writing manifest file '../../build/prius_sdc_pkg/prius_sdc_pkg.egg-info/SOURCES.txt'
[2.833s] running build
[2.833s] running build_py
[2.834s] running install
[2.834s] /home/kanja-koduki/.local/lib/python3.10/site-packages/setuptools/_distutils/cmd.py:66: SetuptoolsDeprecationWarning: setup.py install is deprecated.
[2.835s] !!
[2.835s] 
[2.835s]         ********************************************************************************
[2.835s]         Please avoid running ``setup.py`` directly.
[2.835s]         Instead, use pypa/build, pypa/installer or other
[2.835s]         standards-based tools.
[2.835s] 
[2.835s]         See https://blog.ganssle.io/articles/2021/10/setup-py-deprecated.html for details.
[2.835s]         ********************************************************************************
[2.835s] 
[2.836s] !!
[2.836s]   self.initialize_options()
[2.852s] running install_lib
[2.888s] running install_data
[2.927s] copying launch/world.launch.py -> /home/kanja-koduki/zypher_ws/install/prius_sdc_pkg/share/prius_sdc_pkg/launch
[2.927s] running install_egg_info
[2.965s] removing '/home/kanja-koduki/zypher_ws/install/prius_sdc_pkg/lib/python3.10/site-packages/prius_sdc_pkg-0.0.0-py3.10.egg-info' (and everything under it)
[2.966s] Copying ../../build/prius_sdc_pkg/prius_sdc_pkg.egg-info to /home/kanja-koduki/zypher_ws/install/prius_sdc_pkg/lib/python3.10/site-packages/prius_sdc_pkg-0.0.0-py3.10.egg-info
[2.967s] running install_scripts
[3.297s] Installing driver_node script to /home/kanja-koduki/zypher_ws/install/prius_sdc_pkg/lib/prius_sdc_pkg
[3.297s] Installing spawner_node script to /home/kanja-koduki/zypher_ws/install/prius_sdc_pkg/lib/prius_sdc_pkg
[3.298s] Installing video_recorder script to /home/kanja-koduki/zypher_ws/install/prius_sdc_pkg/lib/prius_sdc_pkg
[3.298s] writing list of installed files to '/home/kanja-koduki/zypher_ws/build/prius_sdc_pkg/install.log'
[3.346s] Invoked command in '/home/kanja-koduki/zypher_ws/src/prius_sdc_pkg' returned '0': PYTHONPATH=/home/kanja-koduki/zypher_ws/build/prius_sdc_pkg/prefix_override:/home/kanja-koduki/zypher_ws/install/prius_sdc_pkg/lib/python3.10/site-packages:${PYTHONPATH} /usr/bin/python3 setup.py egg_info --egg-base ../../build/prius_sdc_pkg build --build-base /home/kanja-koduki/zypher_ws/build/prius_sdc_pkg/build install --record /home/kanja-koduki/zypher_ws/build/prius_sdc_pkg/install.log --single-version-externally-managed
