[0.816s] Invoking command in '/home/kanja-koduki/zypher_ws/src/prius_sdc_pkg': PYTHONPATH=/home/kanja-koduki/zypher_ws/build/prius_sdc_pkg/prefix_override:/home/kanja-koduki/zypher_ws/install/prius_sdc_pkg/lib/python3.10/site-packages:${PYTHONPATH} /usr/bin/python3 setup.py egg_info --egg-base ../../build/prius_sdc_pkg build --build-base /home/kanja-koduki/zypher_ws/build/prius_sdc_pkg/build install --record /home/kanja-koduki/zypher_ws/build/prius_sdc_pkg/install.log --single-version-externally-managed
[0.982s] running egg_info
[0.994s] writing ../../build/prius_sdc_pkg/prius_sdc_pkg.egg-info/PKG-INFO
[0.995s] writing dependency_links to ../../build/prius_sdc_pkg/prius_sdc_pkg.egg-info/dependency_links.txt
[0.995s] writing entry points to ../../build/prius_sdc_pkg/prius_sdc_pkg.egg-info/entry_points.txt
[0.995s] writing requirements to ../../build/prius_sdc_pkg/prius_sdc_pkg.egg-info/requires.txt
[0.995s] writing top-level names to ../../build/prius_sdc_pkg/prius_sdc_pkg.egg-info/top_level.txt
[1.021s] reading manifest file '../../build/prius_sdc_pkg/prius_sdc_pkg.egg-info/SOURCES.txt'
[1.022s] writing manifest file '../../build/prius_sdc_pkg/prius_sdc_pkg.egg-info/SOURCES.txt'
[1.022s] running build
[1.022s] running build_py
[1.022s] copying prius_sdc_pkg/driving_node.py -> /home/kanja-koduki/zypher_ws/build/prius_sdc_pkg/build/lib/prius_sdc_pkg
[1.022s] running install
[1.022s] /home/kanja-koduki/.local/lib/python3.10/site-packages/setuptools/_distutils/cmd.py:66: SetuptoolsDeprecationWarning: setup.py install is deprecated.
[1.022s] !!
[1.023s] 
[1.023s]         ********************************************************************************
[1.023s]         Please avoid running ``setup.py`` directly.
[1.023s]         Instead, use pypa/build, pypa/installer or other
[1.023s]         standards-based tools.
[1.023s] 
[1.023s]         See https://blog.ganssle.io/articles/2021/10/setup-py-deprecated.html for details.
[1.023s]         ********************************************************************************
[1.023s] 
[1.023s] !!
[1.023s]   self.initialize_options()
[1.026s] running install_lib
[1.040s] copying /home/kanja-koduki/zypher_ws/build/prius_sdc_pkg/build/lib/prius_sdc_pkg/driving_node.py -> /home/kanja-koduki/zypher_ws/install/prius_sdc_pkg/lib/python3.10/site-packages/prius_sdc_pkg
[1.040s] byte-compiling /home/kanja-koduki/zypher_ws/install/prius_sdc_pkg/lib/python3.10/site-packages/prius_sdc_pkg/driving_node.py to driving_node.cpython-310.pyc
[1.041s] running install_data
[1.053s] running install_egg_info
[1.066s] removing '/home/kanja-koduki/zypher_ws/install/prius_sdc_pkg/lib/python3.10/site-packages/prius_sdc_pkg-0.0.0-py3.10.egg-info' (and everything under it)
[1.066s] Copying ../../build/prius_sdc_pkg/prius_sdc_pkg.egg-info to /home/kanja-koduki/zypher_ws/install/prius_sdc_pkg/lib/python3.10/site-packages/prius_sdc_pkg-0.0.0-py3.10.egg-info
[1.067s] running install_scripts
[1.184s] Installing driver_node script to /home/kanja-koduki/zypher_ws/install/prius_sdc_pkg/lib/prius_sdc_pkg
[1.184s] Installing video_recorder script to /home/kanja-koduki/zypher_ws/install/prius_sdc_pkg/lib/prius_sdc_pkg
[1.184s] writing list of installed files to '/home/kanja-koduki/zypher_ws/build/prius_sdc_pkg/install.log'
[1.205s] Invoked command in '/home/kanja-koduki/zypher_ws/src/prius_sdc_pkg' returned '0': PYTHONPATH=/home/kanja-koduki/zypher_ws/build/prius_sdc_pkg/prefix_override:/home/kanja-koduki/zypher_ws/install/prius_sdc_pkg/lib/python3.10/site-packages:${PYTHONPATH} /usr/bin/python3 setup.py egg_info --egg-base ../../build/prius_sdc_pkg build --build-base /home/kanja-koduki/zypher_ws/build/prius_sdc_pkg/build install --record /home/kanja-koduki/zypher_ws/build/prius_sdc_pkg/install.log --single-version-externally-managed
