[0.804s] Invoking command in '/home/kanja-koduki/zypher_ws/src/prius_sdc_pkg': PYTHONPATH=/home/kanja-koduki/zypher_ws/build/prius_sdc_pkg/prefix_override:/home/kanja-koduki/zypher_ws/install/prius_sdc_pkg/lib/python3.10/site-packages:${PYTHONPATH} /usr/bin/python3 setup.py egg_info --egg-base ../../build/prius_sdc_pkg build --build-base /home/kanja-koduki/zypher_ws/build/prius_sdc_pkg/build install --record /home/kanja-koduki/zypher_ws/build/prius_sdc_pkg/install.log --single-version-externally-managed
[0.971s] running egg_info
[0.984s] writing ../../build/prius_sdc_pkg/prius_sdc_pkg.egg-info/PKG-INFO
[0.984s] writing dependency_links to ../../build/prius_sdc_pkg/prius_sdc_pkg.egg-info/dependency_links.txt
[0.984s] writing entry points to ../../build/prius_sdc_pkg/prius_sdc_pkg.egg-info/entry_points.txt
[0.984s] writing requirements to ../../build/prius_sdc_pkg/prius_sdc_pkg.egg-info/requires.txt
[0.984s] writing top-level names to ../../build/prius_sdc_pkg/prius_sdc_pkg.egg-info/top_level.txt
[1.010s] reading manifest file '../../build/prius_sdc_pkg/prius_sdc_pkg.egg-info/SOURCES.txt'
[1.010s] writing manifest file '../../build/prius_sdc_pkg/prius_sdc_pkg.egg-info/SOURCES.txt'
[1.010s] running build
[1.011s] running build_py
[1.011s] copying prius_sdc_pkg/driving_node.py -> /home/kanja-koduki/zypher_ws/build/prius_sdc_pkg/build/lib/prius_sdc_pkg
[1.011s] running install
[1.011s] /home/kanja-koduki/.local/lib/python3.10/site-packages/setuptools/_distutils/cmd.py:66: SetuptoolsDeprecationWarning: setup.py install is deprecated.
[1.011s] !!
[1.011s] 
[1.011s]         ********************************************************************************
[1.011s]         Please avoid running ``setup.py`` directly.
[1.011s]         Instead, use pypa/build, pypa/installer or other
[1.011s]         standards-based tools.
[1.011s] 
[1.011s]         See https://blog.ganssle.io/articles/2021/10/setup-py-deprecated.html for details.
[1.011s]         ********************************************************************************
[1.011s] 
[1.011s] !!
[1.011s]   self.initialize_options()
[1.015s] running install_lib
[1.028s] copying /home/kanja-koduki/zypher_ws/build/prius_sdc_pkg/build/lib/prius_sdc_pkg/driving_node.py -> /home/kanja-koduki/zypher_ws/install/prius_sdc_pkg/lib/python3.10/site-packages/prius_sdc_pkg
[1.028s] byte-compiling /home/kanja-koduki/zypher_ws/install/prius_sdc_pkg/lib/python3.10/site-packages/prius_sdc_pkg/driving_node.py to driving_node.cpython-310.pyc
[1.029s] running install_data
[1.041s] creating /home/kanja-koduki/zypher_ws/install/prius_sdc_pkg/share/prius_sdc_pkg/launch
[1.042s] creating /home/kanja-koduki/zypher_ws/install/prius_sdc_pkg/share/prius_sdc_pkg/worlds
[1.042s] running install_egg_info
[1.055s] removing '/home/kanja-koduki/zypher_ws/install/prius_sdc_pkg/lib/python3.10/site-packages/prius_sdc_pkg-0.0.0-py3.10.egg-info' (and everything under it)
[1.055s] Copying ../../build/prius_sdc_pkg/prius_sdc_pkg.egg-info to /home/kanja-koduki/zypher_ws/install/prius_sdc_pkg/lib/python3.10/site-packages/prius_sdc_pkg-0.0.0-py3.10.egg-info
[1.055s] running install_scripts
[1.172s] Installing driver_node script to /home/kanja-koduki/zypher_ws/install/prius_sdc_pkg/lib/prius_sdc_pkg
[1.172s] Installing video_recorder script to /home/kanja-koduki/zypher_ws/install/prius_sdc_pkg/lib/prius_sdc_pkg
[1.172s] writing list of installed files to '/home/kanja-koduki/zypher_ws/build/prius_sdc_pkg/install.log'
[1.192s] Invoked command in '/home/kanja-koduki/zypher_ws/src/prius_sdc_pkg' returned '0': PYTHONPATH=/home/kanja-koduki/zypher_ws/build/prius_sdc_pkg/prefix_override:/home/kanja-koduki/zypher_ws/install/prius_sdc_pkg/lib/python3.10/site-packages:${PYTHONPATH} /usr/bin/python3 setup.py egg_info --egg-base ../../build/prius_sdc_pkg build --build-base /home/kanja-koduki/zypher_ws/build/prius_sdc_pkg/build install --record /home/kanja-koduki/zypher_ws/build/prius_sdc_pkg/install.log --single-version-externally-managed
