/home/kanja-koduki/zypher_ws/install/prius_sdc_pkg/lib/python3.10/site-packages/prius_sdc_pkg/driving_node.py
/home/kanja-koduki/zypher_ws/install/prius_sdc_pkg/lib/python3.10/site-packages/prius_sdc_pkg/video_recorder.py
/home/kanja-koduki/zypher_ws/install/prius_sdc_pkg/lib/python3.10/site-packages/prius_sdc_pkg/sdf_spawner.py
/home/kanja-koduki/zypher_ws/install/prius_sdc_pkg/lib/python3.10/site-packages/prius_sdc_pkg/__init__.py
/home/kanja-koduki/zypher_ws/install/prius_sdc_pkg/lib/python3.10/site-packages/prius_sdc_pkg/__pycache__/driving_node.cpython-310.pyc
/home/kanja-koduki/zypher_ws/install/prius_sdc_pkg/lib/python3.10/site-packages/prius_sdc_pkg/__pycache__/video_recorder.cpython-310.pyc
/home/kanja-koduki/zypher_ws/install/prius_sdc_pkg/lib/python3.10/site-packages/prius_sdc_pkg/__pycache__/sdf_spawner.cpython-310.pyc
/home/kanja-koduki/zypher_ws/install/prius_sdc_pkg/lib/python3.10/site-packages/prius_sdc_pkg/__pycache__/__init__.cpython-310.pyc
/home/kanja-koduki/zypher_ws/install/prius_sdc_pkg/share/ament_index/resource_index/packages/prius_sdc_pkg
/home/kanja-koduki/zypher_ws/install/prius_sdc_pkg/share/prius_sdc_pkg/package.xml
/home/kanja-koduki/zypher_ws/install/prius_sdc_pkg/share/prius_sdc_pkg/launch/world.launch.py
/home/kanja-koduki/zypher_ws/install/prius_sdc_pkg/share/prius_sdc_pkg/world/test.world
/home/kanja-koduki/zypher_ws/install/prius_sdc_pkg/share/prius_sdc_pkg/world/self_driving_car.world
/home/kanja-koduki/zypher_ws/install/prius_sdc_pkg/lib/prius_sdc_pkg/lights_spawner.bash
/home/kanja-koduki/zypher_ws/install/prius_sdc_pkg/lib/python3.10/site-packages/prius_sdc_pkg-0.0.0-py3.10.egg-info/requires.txt
/home/kanja-koduki/zypher_ws/install/prius_sdc_pkg/lib/python3.10/site-packages/prius_sdc_pkg-0.0.0-py3.10.egg-info/entry_points.txt
/home/kanja-koduki/zypher_ws/install/prius_sdc_pkg/lib/python3.10/site-packages/prius_sdc_pkg-0.0.0-py3.10.egg-info/dependency_links.txt
/home/kanja-koduki/zypher_ws/install/prius_sdc_pkg/lib/python3.10/site-packages/prius_sdc_pkg-0.0.0-py3.10.egg-info/PKG-INFO
/home/kanja-koduki/zypher_ws/install/prius_sdc_pkg/lib/python3.10/site-packages/prius_sdc_pkg-0.0.0-py3.10.egg-info/SOURCES.txt
/home/kanja-koduki/zypher_ws/install/prius_sdc_pkg/lib/python3.10/site-packages/prius_sdc_pkg-0.0.0-py3.10.egg-info/zip-safe
/home/kanja-koduki/zypher_ws/install/prius_sdc_pkg/lib/python3.10/site-packages/prius_sdc_pkg-0.0.0-py3.10.egg-info/top_level.txt
/home/kanja-koduki/zypher_ws/install/prius_sdc_pkg/lib/prius_sdc_pkg/driver_node
/home/kanja-koduki/zypher_ws/install/prius_sdc_pkg/lib/prius_sdc_pkg/spawner_node
/home/kanja-koduki/zypher_ws/install/prius_sdc_pkg/lib/prius_sdc_pkg/video_recorder
