[1.144s] colcon DEBUG Command line arguments: ['/usr/bin/colcon', 'list', '-p', '--base-paths', '/home/kanja-koduki/zypher_ws']
[1.145s] colcon DEBUG Parsed command line arguments: Namespace(log_base=None, log_level=None, verb_name='list', build_base='build', ignore_user_meta=False, metas=['./colcon.meta'], base_paths=['/home/kanja-koduki/zypher_ws'], packages_ignore=None, packages_ignore_regex=None, paths=None, packages_up_to=None, packages_up_to_regex=None, packages_above=None, packages_above_and_dependencies=None, packages_above_depth=None, packages_select_by_dep=None, packages_skip_by_dep=None, packages_skip_up_to=None, packages_select_build_failed=False, packages_skip_build_finished=False, packages_select_test_failures=False, packages_skip_test_passed=False, packages_select=None, packages_skip=None, packages_select_regex=None, packages_skip_regex=None, packages_start=None, packages_end=None, allow_overriding=[], topological_order=False, names_only=False, paths_only=True, topological_graph=False, topological_graph_dot=False, topological_graph_density=False, topological_graph_legend=False, topological_graph_dot_cluster=False, topological_graph_dot_include_skipped=False, verb_parser=<colcon_defaults.argument_parser.defaults.DefaultArgumentsDecorator object at 0x7fab56f480a0>, verb_extension=<colcon_package_information.verb.list.ListVerb object at 0x7fab56f49720>, main=<bound method ListVerb.main of <colcon_package_information.verb.list.ListVerb object at 0x7fab56f49720>>)
[1.262s] colcon.colcon_core.package_discovery Level 1 discover_packages(colcon_meta) check parameters
[1.263s] colcon.colcon_core.package_discovery Level 1 discover_packages(recursive) check parameters
[1.263s] colcon.colcon_core.package_discovery Level 1 discover_packages(ignore) check parameters
[1.264s] colcon.colcon_core.package_discovery Level 1 discover_packages(path) check parameters
[1.264s] colcon.colcon_core.package_discovery Level 1 discover_packages(recursive) discover
[1.265s] colcon.colcon_core.package_discovery INFO Crawling recursively for packages in '/home/kanja-koduki/zypher_ws'
[1.265s] colcon.colcon_core.package_identification Level 1 _identify(/home/kanja-koduki/zypher_ws) by extensions ['ignore', 'ignore_ament_install']
[1.266s] colcon.colcon_core.package_identification Level 1 _identify(/home/kanja-koduki/zypher_ws) by extension 'ignore'
[1.266s] colcon.colcon_core.package_identification Level 1 _identify(/home/kanja-koduki/zypher_ws) by extension 'ignore_ament_install'
[1.266s] colcon.colcon_core.package_identification Level 1 _identify(/home/kanja-koduki/zypher_ws) by extensions ['colcon_pkg']
[1.266s] colcon.colcon_core.package_identification Level 1 _identify(/home/kanja-koduki/zypher_ws) by extension 'colcon_pkg'
[1.267s] colcon.colcon_core.package_identification Level 1 _identify(/home/kanja-koduki/zypher_ws) by extensions ['colcon_meta']
[1.267s] colcon.colcon_core.package_identification Level 1 _identify(/home/kanja-koduki/zypher_ws) by extension 'colcon_meta'
[1.267s] colcon.colcon_core.package_identification Level 1 _identify(/home/kanja-koduki/zypher_ws) by extensions ['ros']
[1.267s] colcon.colcon_core.package_identification Level 1 _identify(/home/kanja-koduki/zypher_ws) by extension 'ros'
[1.333s] colcon.colcon_core.package_identification Level 1 _identify(/home/kanja-koduki/zypher_ws) by extensions ['cmake', 'python']
[1.333s] colcon.colcon_core.package_identification Level 1 _identify(/home/kanja-koduki/zypher_ws) by extension 'cmake'
[1.334s] colcon.colcon_core.package_identification Level 1 _identify(/home/kanja-koduki/zypher_ws) by extension 'python'
[1.334s] colcon.colcon_core.package_identification Level 1 _identify(/home/kanja-koduki/zypher_ws) by extensions ['python_setup_py']
[1.334s] colcon.colcon_core.package_identification Level 1 _identify(/home/kanja-koduki/zypher_ws) by extension 'python_setup_py'
[1.334s] colcon.colcon_core.package_identification Level 1 _identify(/home/kanja-koduki/zypher_ws/build) by extensions ['ignore', 'ignore_ament_install']
[1.335s] colcon.colcon_core.package_identification Level 1 _identify(/home/kanja-koduki/zypher_ws/build) by extension 'ignore'
[1.335s] colcon.colcon_core.package_identification Level 1 _identify(/home/kanja-koduki/zypher_ws/build) ignored
[1.335s] colcon.colcon_core.package_identification Level 1 _identify(/home/kanja-koduki/zypher_ws/install) by extensions ['ignore', 'ignore_ament_install']
[1.336s] colcon.colcon_core.package_identification Level 1 _identify(/home/kanja-koduki/zypher_ws/install) by extension 'ignore'
[1.336s] colcon.colcon_core.package_identification Level 1 _identify(/home/kanja-koduki/zypher_ws/install) ignored
[1.336s] colcon.colcon_core.package_identification Level 1 _identify(/home/kanja-koduki/zypher_ws/log) by extensions ['ignore', 'ignore_ament_install']
[1.336s] colcon.colcon_core.package_identification Level 1 _identify(/home/kanja-koduki/zypher_ws/log) by extension 'ignore'
[1.337s] colcon.colcon_core.package_identification Level 1 _identify(/home/kanja-koduki/zypher_ws/log) ignored
[1.337s] colcon.colcon_core.package_identification Level 1 _identify(/home/kanja-koduki/zypher_ws/src) by extensions ['ignore', 'ignore_ament_install']
[1.337s] colcon.colcon_core.package_identification Level 1 _identify(/home/kanja-koduki/zypher_ws/src) by extension 'ignore'
[1.337s] colcon.colcon_core.package_identification Level 1 _identify(/home/kanja-koduki/zypher_ws/src) by extension 'ignore_ament_install'
[1.338s] colcon.colcon_core.package_identification Level 1 _identify(/home/kanja-koduki/zypher_ws/src) by extensions ['colcon_pkg']
[1.338s] colcon.colcon_core.package_identification Level 1 _identify(/home/kanja-koduki/zypher_ws/src) by extension 'colcon_pkg'
[1.338s] colcon.colcon_core.package_identification Level 1 _identify(/home/kanja-koduki/zypher_ws/src) by extensions ['colcon_meta']
[1.338s] colcon.colcon_core.package_identification Level 1 _identify(/home/kanja-koduki/zypher_ws/src) by extension 'colcon_meta'
[1.338s] colcon.colcon_core.package_identification Level 1 _identify(/home/kanja-koduki/zypher_ws/src) by extensions ['ros']
[1.338s] colcon.colcon_core.package_identification Level 1 _identify(/home/kanja-koduki/zypher_ws/src) by extension 'ros'
[1.339s] colcon.colcon_core.package_identification Level 1 _identify(/home/kanja-koduki/zypher_ws/src) by extensions ['cmake', 'python']
[1.339s] colcon.colcon_core.package_identification Level 1 _identify(/home/kanja-koduki/zypher_ws/src) by extension 'cmake'
[1.339s] colcon.colcon_core.package_identification Level 1 _identify(/home/kanja-koduki/zypher_ws/src) by extension 'python'
[1.339s] colcon.colcon_core.package_identification Level 1 _identify(/home/kanja-koduki/zypher_ws/src) by extensions ['python_setup_py']
[1.339s] colcon.colcon_core.package_identification Level 1 _identify(/home/kanja-koduki/zypher_ws/src) by extension 'python_setup_py'
[1.339s] colcon.colcon_core.package_identification Level 1 _identify(/home/kanja-koduki/zypher_ws/src/prius_sdc_pkg) by extensions ['ignore', 'ignore_ament_install']
[1.340s] colcon.colcon_core.package_identification Level 1 _identify(/home/kanja-koduki/zypher_ws/src/prius_sdc_pkg) by extension 'ignore'
[1.340s] colcon.colcon_core.package_identification Level 1 _identify(/home/kanja-koduki/zypher_ws/src/prius_sdc_pkg) by extension 'ignore_ament_install'
[1.340s] colcon.colcon_core.package_identification Level 1 _identify(/home/kanja-koduki/zypher_ws/src/prius_sdc_pkg) by extensions ['colcon_pkg']
[1.340s] colcon.colcon_core.package_identification Level 1 _identify(/home/kanja-koduki/zypher_ws/src/prius_sdc_pkg) by extension 'colcon_pkg'
[1.340s] colcon.colcon_core.package_identification Level 1 _identify(/home/kanja-koduki/zypher_ws/src/prius_sdc_pkg) by extensions ['colcon_meta']
[1.340s] colcon.colcon_core.package_identification Level 1 _identify(/home/kanja-koduki/zypher_ws/src/prius_sdc_pkg) by extension 'colcon_meta'
[1.341s] colcon.colcon_core.package_identification Level 1 _identify(/home/kanja-koduki/zypher_ws/src/prius_sdc_pkg) by extensions ['ros']
[1.341s] colcon.colcon_core.package_identification Level 1 _identify(/home/kanja-koduki/zypher_ws/src/prius_sdc_pkg) by extension 'ros'
[1.353s] colcon.colcon_core.package_identification DEBUG Package '/home/kanja-koduki/zypher_ws/src/prius_sdc_pkg' with type 'ros.ament_python' and name 'prius_sdc_pkg'
[1.354s] colcon.colcon_core.package_discovery Level 1 discover_packages(recursive) using defaults
