[2.268s] Invoking command in '/home/kanja-koduki/zypher_ws/src/prius_sdc_pkg': PYTHONPATH=/home/kanja-koduki/zypher_ws/build/prius_sdc_pkg/prefix_override:/home/kanja-koduki/zypher_ws/install/prius_sdc_pkg/lib/python3.10/site-packages:${PYTHONPATH} /usr/bin/python3 setup.py egg_info --egg-base ../../build/prius_sdc_pkg build --build-base /home/kanja-koduki/zypher_ws/build/prius_sdc_pkg/build install --record /home/kanja-koduki/zypher_ws/build/prius_sdc_pkg/install.log --single-version-externally-managed
[2.751s] running egg_info
[2.788s] writing ../../build/prius_sdc_pkg/prius_sdc_pkg.egg-info/PKG-INFO
[2.789s] writing dependency_links to ../../build/prius_sdc_pkg/prius_sdc_pkg.egg-info/dependency_links.txt
[2.789s] writing entry points to ../../build/prius_sdc_pkg/prius_sdc_pkg.egg-info/entry_points.txt
[2.790s] writing requirements to ../../build/prius_sdc_pkg/prius_sdc_pkg.egg-info/requires.txt
[2.790s] writing top-level names to ../../build/prius_sdc_pkg/prius_sdc_pkg.egg-info/top_level.txt
[2.864s] reading manifest file '../../build/prius_sdc_pkg/prius_sdc_pkg.egg-info/SOURCES.txt'
[2.866s] writing manifest file '../../build/prius_sdc_pkg/prius_sdc_pkg.egg-info/SOURCES.txt'
[2.867s] running build
[2.867s] running build_py
[2.868s] running install
[2.869s] /home/kanja-koduki/.local/lib/python3.10/site-packages/setuptools/_distutils/cmd.py:66: SetuptoolsDeprecationWarning: setup.py install is deprecated.
[2.869s] !!
[2.870s] 
[2.870s]         ********************************************************************************
[2.870s]         Please avoid running ``setup.py`` directly.
[2.870s]         Instead, use pypa/build, pypa/installer or other
[2.870s]         standards-based tools.
[2.870s] 
[2.870s]         See https://blog.ganssle.io/articles/2021/10/setup-py-deprecated.html for details.
[2.870s]         ********************************************************************************
[2.870s] 
[2.870s] !!
[2.870s]   self.initialize_options()
[2.885s] running install_lib
[2.921s] running install_data
[2.957s] copying launch/world.launch.py -> /home/kanja-koduki/zypher_ws/install/prius_sdc_pkg/share/prius_sdc_pkg/launch
[2.958s] running install_egg_info
[2.996s] removing '/home/kanja-koduki/zypher_ws/install/prius_sdc_pkg/lib/python3.10/site-packages/prius_sdc_pkg-0.0.0-py3.10.egg-info' (and everything under it)
[2.997s] Copying ../../build/prius_sdc_pkg/prius_sdc_pkg.egg-info to /home/kanja-koduki/zypher_ws/install/prius_sdc_pkg/lib/python3.10/site-packages/prius_sdc_pkg-0.0.0-py3.10.egg-info
[2.999s] running install_scripts
[3.327s] Installing driver_node script to /home/kanja-koduki/zypher_ws/install/prius_sdc_pkg/lib/prius_sdc_pkg
[3.328s] Installing spawner_node script to /home/kanja-koduki/zypher_ws/install/prius_sdc_pkg/lib/prius_sdc_pkg
[3.328s] Installing video_recorder script to /home/kanja-koduki/zypher_ws/install/prius_sdc_pkg/lib/prius_sdc_pkg
[3.329s] writing list of installed files to '/home/kanja-koduki/zypher_ws/build/prius_sdc_pkg/install.log'
[3.380s] Invoked command in '/home/kanja-koduki/zypher_ws/src/prius_sdc_pkg' returned '0': PYTHONPATH=/home/kanja-koduki/zypher_ws/build/prius_sdc_pkg/prefix_override:/home/kanja-koduki/zypher_ws/install/prius_sdc_pkg/lib/python3.10/site-packages:${PYTHONPATH} /usr/bin/python3 setup.py egg_info --egg-base ../../build/prius_sdc_pkg build --build-base /home/kanja-koduki/zypher_ws/build/prius_sdc_pkg/build install --record /home/kanja-koduki/zypher_ws/build/prius_sdc_pkg/install.log --single-version-externally-managed
